<?xml version="1.0" encoding="UTF-8"?>
<!-- Generated by org.testng.reporters.JUnitReportReporter -->
<testsuite hostname="DESKTOP-E7JB5E4" failures="0" tests="5" name="testCases.TC003_LoginDDT" time="52.079" errors="0" timestamp="2024-10-07T18:39:30 IST" skipped="0">
  <testcase classname="testCases.TC003_LoginDDT" name="verify_loginDDT" time="14.597"/>
  <testcase classname="testCases.TC003_LoginDDT" name="verify_loginDDT" time="14.594"/>
  <testcase classname="testCases.TC003_LoginDDT" name="verify_loginDDT" time="4.550"/>
  <testcase classname="testCases.TC003_LoginDDT" name="verify_loginDDT" time="4.439"/>
  <testcase classname="testCases.TC003_LoginDDT" name="verify_loginDDT" time="13.899"/>
</testsuite> <!-- testCases.TC003_LoginDDT -->
