<?xml version="1.0" encoding="UTF-8"?>
<!-- Generated by org.testng.reporters.JUnitReportReporter -->
<testsuite hostname="DESKTOP-E7JB5E4" failures="0" tests="1" name="testCases.TC001_AccountRegistrationTest" time="15.751" errors="0" timestamp="2024-10-14T14:21:46 IST" skipped="0">
  <testcase classname="testCases.TC001_AccountRegistrationTest" name="verify_account_registration" time="15.751"/>
</testsuite> <!-- testCases.TC001_AccountRegistrationTest -->
