<?xml version="1.0" encoding="UTF-8"?>
<!-- Generated by org.testng.reporters.JUnitReportReporter -->
<testsuite hostname="DESKTOP-E7JB5E4" failures="0" tests="1" name="testCases.TC002_LoginTest" time="4.386" errors="0" timestamp="2024-10-14T15:32:50 IST" skipped="0">
  <testcase classname="testCases.TC002_LoginTest" name="Verify_Login" time="4.386"/>
</testsuite> <!-- testCases.TC002_LoginTest -->
